ASxxxx Assembler V02.00 + NoICE + SDCC mods  (Zilog Z80 / Hitachi HD64180 / ZX-Next / eZ80), page 1.
Hexadecimal [24-Bits]



                                      1 ;;;;;;;;;;;;;;;;;;;;;;;;;;;;;;;;;;;;;;;;;;;;;;;;;;;;;;;;;;;;;;;;;;;;;;;;;;;;;;;;
                                      2 ;
                                      3 ;  CHIPTUNES FOR KRAFT 80
                                      4 ;  A chiptune player for the onboard FPGA AY-3-8910 emulation
                                      5 ;  Rev 1.0
                                      6 ;  25-Jul-2025 - ARMCoder
                                      7 ;  
                                      8 ;;;;;;;;;;;;;;;;;;;;;;;;;;;;;;;;;;;;;;;;;;;;;;;;;;;;;;;;;;;;;;;;;;;;;;;;;;;;;;;;
                                      9 
                           000000    10 PORTBUTTONS	.equ	0x00	
                                     11 ; VIDEO
                           000050    12 PORTDATA	.equ	0x50
                           000051    13 PORTADDRL	.equ	0x51
                           000052    14 PORTADDRH	.equ	0x52
                           000053    15 PORTMODE	.equ	0x53
                                     16 
                                     17 ; AUDIO
                           000056    18 PORTAYADDR	.equ	0x56
                           000057    19 PORTAYDATA	.equ	0x57
                                     20 
                           004104    21 isr2vector	.equ	0x4104	;STACKTOP+4
                                     22 
                                     23 		.area	CODE
                                     24 
                                     25 ;;;;;;;;;;;;;;;;;;;;;;;;;;;;;;;;;;;;;;;;;;;;;;;;;;;;;;;;;;;;;;;;;;;;;;;;;;;;;;;;		
                                     26 
      000000 21 7A 00         [10]   27 chiptunes:	ld	hl,#spclab_msg
      000003 CD 73 00         [17]   28 		call	prints
                                     29 
      000006 2A 04 41         [16]   30 		ld	hl,(isr2vector)
      000009 22 00 00         [16]   31 		ld	(isr2vector_copy),hl
      00000C F3               [ 4]   32 		di
      00000D 21 54 00         [10]   33 		ld	hl,#timer_isr
      000010 22 04 41         [16]   34 		ld	(isr2vector),hl
                                     35 
      000013 AF               [ 4]   36 		xor	a
      000014 32 02 00         [13]   37 		ld	(delay_cnt),a
      000017 32 03 00         [13]   38 		ld	(delay_presc),a
      00001A FB               [ 4]   39 		ei
                                     40 
      00001B CD 27 00         [17]   41 		call	playtune
                                     42 
      00001E F3               [ 4]   43 		di
      00001F 2A 00 00         [16]   44 		ld	hl,(isr2vector_copy)
      000022 22 04 41         [16]   45 		ld	(isr2vector),hl
      000025 FB               [ 4]   46 		ei
                                     47 
      000026 C9               [10]   48 		ret
                                     49 
      000027 21 9A 00         [10]   50 playtune:	ld	hl,#tune_table
                                     51 
      00002A 7E               [ 7]   52 playt1:		ld	a,(hl)
      00002B FE FF            [ 7]   53 		cp	#0xff
      00002D C8               [11]   54 		ret	z
      00002E 47               [ 4]   55 		ld	b,a		;B = PSG Reg#
ASxxxx Assembler V02.00 + NoICE + SDCC mods  (Zilog Z80 / Hitachi HD64180 / ZX-Next / eZ80), page 2.
Hexadecimal [24-Bits]



      00002F 23               [ 6]   56 		inc	hl
      000030 4E               [ 7]   57 		ld	c,(hl)		;C = PSG Data
      000031 23               [ 6]   58 		inc	hl
      000032 FE 10            [ 7]   59 		cp	#16		;Special "reg" ID, C has delay in 1/60 s ticks
      000034 20 05            [12]   60 		jr	nz,setreg
      000036 CD 43 00         [17]   61 		call	delay
      000039 18 EF            [12]   62 		jr	playt1
      00003B 78               [ 4]   63 setreg:		ld	a,b
      00003C D3 56            [11]   64 		out	(PORTAYADDR),a
      00003E 79               [ 4]   65 		ld	a,c	
      00003F D3 57            [11]   66 		out	(PORTAYDATA),a
                                     67 
      000041 18 E7            [12]   68 		jr	playt1
                                     69 
                                     70 ;;;;;;;;;;;;;;;;;;;;;;;;;;;;;;;;;;;;;;;;;;;;;;;;;;;;;;;;;;;;;;;;;;;;;;;;;;;;;;;;		
                                     71 
      000043 F3               [ 4]   72 delay:		di
      000044 AF               [ 4]   73 		xor	a
      000045 32 03 00         [13]   74 		ld	(delay_presc),a
      000048 79               [ 4]   75 		ld	a,c
      000049 32 02 00         [13]   76 		ld	(delay_cnt),a
      00004C FB               [ 4]   77 		ei
                                     78 		
      00004D 3A 02 00         [13]   79 delay1:		ld	a,(delay_cnt)
      000050 B7               [ 4]   80 		or	a
      000051 20 FA            [12]   81 		jr	nz,delay1
      000053 C9               [10]   82 		ret
                                     83 
                                     84 ;;;;;;;;;;;;;;;;;;;;;;;;;;;;;;;;;;;;;;;;;;;;;;;;;;;;;;;;;;;;;;;;;;;;;;;;;;;;;;;;		
                                     85 
      000054 3A 03 00         [13]   86 timer_isr:	ld	a,(delay_presc)
      000057 FE 04            [ 7]   87 		cp	#4
      000059 20 10            [12]   88 		jr	nz,timer_isr1
                                     89 		
      00005B 3A 02 00         [13]   90 		ld	a,(delay_cnt)
      00005E B7               [ 4]   91 		or	a
      00005F 28 05            [12]   92 		jr	z,timer_isr2a
      000061 3D               [ 4]   93 		dec	a
      000062 32 02 00         [13]   94 		ld	(delay_cnt),a
                                     95 		
      000065 AF               [ 4]   96 timer_isr2:	xor	a
      000066 32 03 00         [13]   97 timer_isr2a:	ld	(delay_presc),a
      000069 18 04            [12]   98 		jr	timer_isr3
                                     99 
      00006B 3C               [ 4]  100 timer_isr1:	inc	a		
      00006C 32 03 00         [13]  101 		ld	(delay_presc),a
                                    102 
      00006F 2A 00 00         [16]  103 timer_isr3:	ld	hl,(isr2vector_copy)
      000072 E9               [ 4]  104 		jp	(hl)
                                    105 
                                    106 ;;;;;;;;;;;;;;;;;;;;;;;;;;;;;;;;;;;;;;;;;;;;;;;;;;;;;;;;;;;;;;;;;;;;;;;;;;;;;;;;		
                                    107 
      000073 7E               [ 7]  108 prints:		ld	a,(hl)
      000074 B7               [ 4]  109 		or	a
      000075 C8               [11]  110 		ret	z
ASxxxx Assembler V02.00 + NoICE + SDCC mods  (Zilog Z80 / Hitachi HD64180 / ZX-Next / eZ80), page 3.
Hexadecimal [24-Bits]



      000076 CF               [11]  111 		rst	0x08
      000077 23               [ 6]  112 		inc	hl
      000078 18 F9            [12]  113 		jr	prints
                                    114 
      00007A 50 6C 61 79 69 6E 67   115 spclab_msg:	.ascii "Playing SPACELAB by Kraftwerk"
             20 53 50 41 43 45 4C
             41 42 20 62 79 20 4B
             72 61 66 74 77 65 72
             6B
      000097 0D 0A 00               116 		.byte	13,10,0
                                    117 
ASxxxx Assembler V02.00 + NoICE + SDCC mods  (Zilog Z80 / Hitachi HD64180 / ZX-Next / eZ80), page 4.
Hexadecimal [24-Bits]



                                    118 	.include "spacelab.s"
                                      1 
      00009A                          2 tune_table:
      00009A 00 00 01 00 02 00 03     3 	.byte 0x00,0x00,0x01,0x00,0x02,0x00,0x03,0x00
             00
      0000A2 04 00 05 00 07 38 08     4 	.byte 0x04,0x00,0x05,0x00,0x07,0x38,0x08,0x08
             08
      0000AA 09 08 0A 08 00 96 02     5 	.byte 0x09,0x08,0x0a,0x08,0x00,0x96,0x02,0x43
             43
      0000B2 03 06 04 EF 06 02 07     6 	.byte 0x03,0x06,0x04,0xef,0x06,0x02,0x07,0x18
             18
      0000BA 08 0E 09 18 0B 80 0D     7 	.byte 0x08,0x0e,0x09,0x18,0x0b,0x80,0x0d,0x00
             00
      0000C2 10 03 07 38 10 0C 0D     8 	.byte 0x10,0x03,0x07,0x38,0x10,0x0c,0x0d,0x00
             00
      0000CA 10 04 08 0A 10 0B 00     9 	.byte 0x10,0x04,0x08,0x0a,0x10,0x0b,0x00,0x86
             86
      0000D2 06 1F 07 18 08 0E 0D    10 	.byte 0x06,0x1f,0x07,0x18,0x08,0x0e,0x0d,0x00
             00
      0000DA 10 03 07 38 10 0C 00    11 	.byte 0x10,0x03,0x07,0x38,0x10,0x0c,0x00,0x77
             77
      0000E2 0D 00 10 0F 06 02 07    12 	.byte 0x0d,0x00,0x10,0x0f,0x06,0x02,0x07,0x18
             18
      0000EA 0D 00 10 03 07 38 10    13 	.byte 0x0d,0x00,0x10,0x03,0x07,0x38,0x10,0x01
             01
      0000F2 08 0A 10 0B 0D 00 10    14 	.byte 0x08,0x0a,0x10,0x0b,0x0d,0x00,0x10,0x09
             09
      0000FA 08 06 10 06 00 86 06    15 	.byte 0x08,0x06,0x10,0x06,0x00,0x86,0x06,0x1f
             1F
      000102 07 18 08 0E 0D 00 10    16 	.byte 0x07,0x18,0x08,0x0e,0x0d,0x00,0x10,0x03
             03
      00010A 07 38 10 0C 00 96 0D    17 	.byte 0x07,0x38,0x10,0x0c,0x00,0x96,0x0d,0x00
             00
      000112 10 0F 00 9F 02 83 03    18 	.byte 0x10,0x0f,0x00,0x9f,0x02,0x83,0x03,0x07
             07
      00011A 04 0C 05 01 06 02 07    19 	.byte 0x04,0x0c,0x05,0x01,0x06,0x02,0x07,0x18
             18
      000122 0D 00 10 03 07 38 10    20 	.byte 0x0d,0x00,0x10,0x03,0x07,0x38,0x10,0x0c
             0C
      00012A 0D 00 10 04 08 0A 10    21 	.byte 0x0d,0x00,0x10,0x04,0x08,0x0a,0x10,0x0b
             0B
      000132 00 96 06 1F 07 18 08    22 	.byte 0x00,0x96,0x06,0x1f,0x07,0x18,0x08,0x0e
             0E
      00013A 0D 00 10 03 07 38 10    23 	.byte 0x0d,0x00,0x10,0x03,0x07,0x38,0x10,0x0c
             0C
      000142 00 86 0D 00 10 0F 06    24 	.byte 0x00,0x86,0x0d,0x00,0x10,0x0f,0x06,0x02
             02
      00014A 07 18 0D 00 10 03 07    25 	.byte 0x07,0x18,0x0d,0x00,0x10,0x03,0x07,0x38
             38
      000152 10 01 08 0A 10 0B 0D    26 	.byte 0x10,0x01,0x08,0x0a,0x10,0x0b,0x0d,0x00
             00
      00015A 10 09 08 06 10 06 06    27 	.byte 0x10,0x09,0x08,0x06,0x10,0x06,0x06,0x1f
             1F
      000162 07 18 0D 00 10 03 07    28 	.byte 0x07,0x18,0x0d,0x00,0x10,0x03,0x07,0x38
             38
ASxxxx Assembler V02.00 + NoICE + SDCC mods  (Zilog Z80 / Hitachi HD64180 / ZX-Next / eZ80), page 5.
Hexadecimal [24-Bits]



      00016A 10 0B 08 02 10 01 0D    29 	.byte 0x10,0x0b,0x08,0x02,0x10,0x01,0x0d,0x00
             00
      000172 10 0F 00 B3 02 43 03    30 	.byte 0x10,0x0f,0x00,0xb3,0x02,0x43,0x03,0x06
             06
      00017A 04 2D 06 02 07 18 08    31 	.byte 0x04,0x2d,0x06,0x02,0x07,0x18,0x08,0x0e
             0E
      000182 0D 00 10 03 07 38 10    32 	.byte 0x0d,0x00,0x10,0x03,0x07,0x38,0x10,0x0c
             0C
      00018A 0D 00 10 04 08 0A 10    33 	.byte 0x0d,0x00,0x10,0x04,0x08,0x0a,0x10,0x0b
             0B
      000192 00 9F 06 1F 07 18 08    34 	.byte 0x00,0x9f,0x06,0x1f,0x07,0x18,0x08,0x0e
             0E
      00019A 0D 00 10 03 07 38 10    35 	.byte 0x0d,0x00,0x10,0x03,0x07,0x38,0x10,0x0c
             0C
      0001A2 00 96 0D 00 10 0F 06    36 	.byte 0x00,0x96,0x0d,0x00,0x10,0x0f,0x06,0x02
             02
      0001AA 07 18 0D 00 10 03 07    37 	.byte 0x07,0x18,0x0d,0x00,0x10,0x03,0x07,0x38
             38
      0001B2 10 01 08 0A 10 0B 0D    38 	.byte 0x10,0x01,0x08,0x0a,0x10,0x0b,0x0d,0x00
             00
      0001BA 10 09 08 06 10 06 00    39 	.byte 0x10,0x09,0x08,0x06,0x10,0x06,0x00,0x9f
             9F
      0001C2 06 1F 07 18 08 0E 0D    40 	.byte 0x06,0x1f,0x07,0x18,0x08,0x0e,0x0d,0x00
             00
      0001CA 10 03 07 38 10 0C 00    41 	.byte 0x10,0x03,0x07,0x38,0x10,0x0c,0x00,0xb3
             B3
      0001D2 0D 00 10 0F 00 C9 02    42 	.byte 0x0d,0x00,0x10,0x0f,0x00,0xc9,0x02,0x83
             83
      0001DA 03 07 04 3F 06 02 07    43 	.byte 0x03,0x07,0x04,0x3f,0x06,0x02,0x07,0x18
             18
      0001E2 0D 00 10 03 07 38 10    44 	.byte 0x0d,0x00,0x10,0x03,0x07,0x38,0x10,0x0c
             0C
      0001EA 0D 00 10 04 08 0A 10    45 	.byte 0x0d,0x00,0x10,0x04,0x08,0x0a,0x10,0x0b
             0B
      0001F2 00 0C 01 01 06 1F 07    46 	.byte 0x00,0x0c,0x01,0x01,0x06,0x1f,0x07,0x18
             18
      0001FA 08 0E 0D 00 10 03 07    47 	.byte 0x08,0x0e,0x0d,0x00,0x10,0x03,0x07,0x38
             38
      000202 10 0C 00 EF 01 00 0D    48 	.byte 0x10,0x0c,0x00,0xef,0x01,0x00,0x0d,0x00
             00
      00020A 10 0F 06 02 07 18 0D    49 	.byte 0x10,0x0f,0x06,0x02,0x07,0x18,0x0d,0x00
             00
      000212 10 03 07 38 10 01 08    50 	.byte 0x10,0x03,0x07,0x38,0x10,0x01,0x08,0x0a
             0A
      00021A 10 09 07 18 10 02 07    51 	.byte 0x10,0x09,0x07,0x18,0x10,0x02,0x07,0x38
             38
      000222 0D 00 10 05 07 18 10    52 	.byte 0x0d,0x00,0x10,0x05,0x07,0x18,0x10,0x02
             02
      00022A 07 38 10 02 08 06 10    53 	.byte 0x07,0x38,0x10,0x02,0x08,0x06,0x10,0x03
             03
      000232 07 18 10 02 07 38 10    54 	.byte 0x07,0x18,0x10,0x02,0x07,0x38,0x10,0x01
             01
      00023A 0D 00 10 0E 08 02 10    55 	.byte 0x0d,0x00,0x10,0x0e,0x08,0x02,0x10,0x01
             01
      000242 0D 00 10 01 07 18 10    56 	.byte 0x0d,0x00,0x10,0x01,0x07,0x18,0x10,0x02
ASxxxx Assembler V02.00 + NoICE + SDCC mods  (Zilog Z80 / Hitachi HD64180 / ZX-Next / eZ80), page 6.
Hexadecimal [24-Bits]



             02
      00024A 07 38 10 05 07 18 10    57 	.byte 0x07,0x38,0x10,0x05,0x07,0x18,0x10,0x02
             02
      000252 07 38 10 05 02 43 03    58 	.byte 0x07,0x38,0x10,0x05,0x02,0x43,0x03,0x06
             06
      00025A 04 77 05 00 07 18 0B    59 	.byte 0x04,0x77,0x05,0x00,0x07,0x18,0x0b,0x00
             00
      000262 0C 04 0D 00 10 03 07    60 	.byte 0x0c,0x04,0x0d,0x00,0x10,0x03,0x07,0x38
             38
      00026A 10 1B 04 3C 06 1F 07    61 	.byte 0x10,0x1b,0x04,0x3c,0x06,0x1f,0x07,0x18
             18
      000272 10 03 07 38 10 1B 04    62 	.byte 0x10,0x03,0x07,0x38,0x10,0x1b,0x04,0x77
             77
      00027A 06 02 07 18 10 03 07    63 	.byte 0x06,0x02,0x07,0x18,0x10,0x03,0x07,0x38
             38
      000282 10 1B 04 3C 06 1F 07    64 	.byte 0x10,0x1b,0x04,0x3c,0x06,0x1f,0x07,0x18
             18
      00028A 10 03 07 38 10 1B 04    65 	.byte 0x10,0x03,0x07,0x38,0x10,0x1b,0x04,0x77
             77
      000292 06 02 07 18 10 03 07    66 	.byte 0x06,0x02,0x07,0x18,0x10,0x03,0x07,0x38
             38
      00029A 10 1B 04 3C 06 1F 07    67 	.byte 0x10,0x1b,0x04,0x3c,0x06,0x1f,0x07,0x18
             18
      0002A2 10 03 07 38 10 1B 04    68 	.byte 0x10,0x03,0x07,0x38,0x10,0x1b,0x04,0x77
             77
      0002AA 06 02 07 18 10 03 07    69 	.byte 0x06,0x02,0x07,0x18,0x10,0x03,0x07,0x38
             38
      0002B2 10 1B 04 3C 06 1F 07    70 	.byte 0x10,0x1b,0x04,0x3c,0x06,0x1f,0x07,0x18
             18
      0002BA 10 03 07 38 10 1B 02    71 	.byte 0x10,0x03,0x07,0x38,0x10,0x1b,0x02,0x83
             83
      0002C2 03 07 04 77 06 02 07    72 	.byte 0x03,0x07,0x04,0x77,0x06,0x02,0x07,0x18
             18
      0002CA 0D 00 10 03 07 38 10    73 	.byte 0x0d,0x00,0x10,0x03,0x07,0x38,0x10,0x1b
             1B
      0002D2 04 3C 06 1F 07 18 10    74 	.byte 0x04,0x3c,0x06,0x1f,0x07,0x18,0x10,0x03
             03
      0002DA 07 38 10 1B 04 77 06    75 	.byte 0x07,0x38,0x10,0x1b,0x04,0x77,0x06,0x02
             02
      0002E2 07 18 10 03 07 38 10    76 	.byte 0x07,0x18,0x10,0x03,0x07,0x38,0x10,0x1b
             1B
      0002EA 04 3C 06 1F 07 18 10    77 	.byte 0x04,0x3c,0x06,0x1f,0x07,0x18,0x10,0x03
             03
      0002F2 07 38 10 1B 04 77 06    78 	.byte 0x07,0x38,0x10,0x1b,0x04,0x77,0x06,0x02
             02
      0002FA 07 18 10 03 07 38 10    79 	.byte 0x07,0x18,0x10,0x03,0x07,0x38,0x10,0x1b
             1B
      000302 04 3C 06 1F 07 18 10    80 	.byte 0x04,0x3c,0x06,0x1f,0x07,0x18,0x10,0x03
             03
      00030A 07 38 10 1B 04 77 06    81 	.byte 0x07,0x38,0x10,0x1b,0x04,0x77,0x06,0x02
             02
      000312 07 18 10 03 07 38 10    82 	.byte 0x07,0x18,0x10,0x03,0x07,0x38,0x10,0x1b
             1B
      00031A 04 3C 06 1F 07 18 10    83 	.byte 0x04,0x3c,0x06,0x1f,0x07,0x18,0x10,0x03
             03
ASxxxx Assembler V02.00 + NoICE + SDCC mods  (Zilog Z80 / Hitachi HD64180 / ZX-Next / eZ80), page 7.
Hexadecimal [24-Bits]



      000322 07 38 10 1B 00 C9 02    84 	.byte 0x07,0x38,0x10,0x1b,0x00,0xc9,0x02,0x43
             43
      00032A 03 06 04 77 06 02 07    85 	.byte 0x03,0x06,0x04,0x77,0x06,0x02,0x07,0x18
             18
      000332 0D 00 10 03 07 38 10    86 	.byte 0x0d,0x00,0x10,0x03,0x07,0x38,0x10,0x1b
             1B
      00033A 04 3C 06 1F 07 18 10    87 	.byte 0x04,0x3c,0x06,0x1f,0x07,0x18,0x10,0x03
             03
      000342 07 38 10 1B 04 77 06    88 	.byte 0x07,0x38,0x10,0x1b,0x04,0x77,0x06,0x02
             02
      00034A 07 18 10 03 07 38 10    89 	.byte 0x07,0x18,0x10,0x03,0x07,0x38,0x10,0x1b
             1B
      000352 04 3C 06 1F 07 18 10    90 	.byte 0x04,0x3c,0x06,0x1f,0x07,0x18,0x10,0x03
             03
      00035A 07 38 10 1B 04 77 06    91 	.byte 0x07,0x38,0x10,0x1b,0x04,0x77,0x06,0x02
             02
      000362 07 18 10 03 07 38 10    92 	.byte 0x07,0x18,0x10,0x03,0x07,0x38,0x10,0x1b
             1B
      00036A 04 3C 06 1F 07 18 10    93 	.byte 0x04,0x3c,0x06,0x1f,0x07,0x18,0x10,0x03
             03
      000372 07 38 10 1B 04 77 06    94 	.byte 0x07,0x38,0x10,0x1b,0x04,0x77,0x06,0x02
             02
      00037A 07 18 10 03 07 38 10    95 	.byte 0x07,0x18,0x10,0x03,0x07,0x38,0x10,0x1b
             1B
      000382 00 B3 04 3C 06 1F 07    96 	.byte 0x00,0xb3,0x04,0x3c,0x06,0x1f,0x07,0x18
             18
      00038A 10 03 07 38 10 1B 00    97 	.byte 0x10,0x03,0x07,0x38,0x10,0x1b,0x00,0x77
             77
      000392 02 83 03 07 04 77 06    98 	.byte 0x02,0x83,0x03,0x07,0x04,0x77,0x06,0x02
             02
      00039A 07 18 0D 00 10 03 07    99 	.byte 0x07,0x18,0x0d,0x00,0x10,0x03,0x07,0x38
             38
      0003A2 10 1B 04 3C 06 1F 07   100 	.byte 0x10,0x1b,0x04,0x3c,0x06,0x1f,0x07,0x18
             18
      0003AA 10 03 07 38 10 1B 04   101 	.byte 0x10,0x03,0x07,0x38,0x10,0x1b,0x04,0x77
             77
      0003B2 06 02 07 18 10 03 07   102 	.byte 0x06,0x02,0x07,0x18,0x10,0x03,0x07,0x38
             38
      0003BA 10 1B 04 3C 06 1F 07   103 	.byte 0x10,0x1b,0x04,0x3c,0x06,0x1f,0x07,0x18
             18
      0003C2 10 03 07 38 10 1B 04   104 	.byte 0x10,0x03,0x07,0x38,0x10,0x1b,0x04,0x77
             77
      0003CA 06 02 07 18 10 03 07   105 	.byte 0x06,0x02,0x07,0x18,0x10,0x03,0x07,0x38
             38
      0003D2 10 1B 04 3C 06 1F 07   106 	.byte 0x10,0x1b,0x04,0x3c,0x06,0x1f,0x07,0x18
             18
      0003DA 10 03 07 38 10 1B 04   107 	.byte 0x10,0x03,0x07,0x38,0x10,0x1b,0x04,0x77
             77
      0003E2 10 0F 07 18 10 03 07   108 	.byte 0x10,0x0f,0x07,0x18,0x10,0x03,0x07,0x38
             38
      0003EA 10 0C 04 3C 07 18 10   109 	.byte 0x10,0x0c,0x04,0x3c,0x07,0x18,0x10,0x03
             03
      0003F2 07 38 10 0C 07 18 10   110 	.byte 0x07,0x38,0x10,0x0c,0x07,0x18,0x10,0x03
             03
      0003FA 07 38 10 0C 00 96 02   111 	.byte 0x07,0x38,0x10,0x0c,0x00,0x96,0x02,0x43
ASxxxx Assembler V02.00 + NoICE + SDCC mods  (Zilog Z80 / Hitachi HD64180 / ZX-Next / eZ80), page 8.
Hexadecimal [24-Bits]



             43
      000402 03 06 04 77 06 02 07   112 	.byte 0x03,0x06,0x04,0x77,0x06,0x02,0x07,0x18
             18
      00040A 08 0E 0B 80 0C 00 0D   113 	.byte 0x08,0x0e,0x0b,0x80,0x0c,0x00,0x0d,0x00
             00
      000412 10 03 07 38 10 0C 0D   114 	.byte 0x10,0x03,0x07,0x38,0x10,0x0c,0x0d,0x00
             00
      00041A 10 04 08 0A 10 0B 00   115 	.byte 0x10,0x04,0x08,0x0a,0x10,0x0b,0x00,0x86
             86
      000422 06 1F 07 18 08 0E 0D   116 	.byte 0x06,0x1f,0x07,0x18,0x08,0x0e,0x0d,0x00
             00
      00042A 10 03 07 38 10 0C 00   117 	.byte 0x10,0x03,0x07,0x38,0x10,0x0c,0x00,0x77
             77
      000432 0D 00 10 0F 06 02 07   118 	.byte 0x0d,0x00,0x10,0x0f,0x06,0x02,0x07,0x18
             18
      00043A 0D 00 10 03 07 38 10   119 	.byte 0x0d,0x00,0x10,0x03,0x07,0x38,0x10,0x01
             01
      000442 08 0A 10 0B 0D 00 10   120 	.byte 0x08,0x0a,0x10,0x0b,0x0d,0x00,0x10,0x09
             09
      00044A 08 06 10 06 06 1F 07   121 	.byte 0x08,0x06,0x10,0x06,0x06,0x1f,0x07,0x18
             18
      000452 0D 00 10 03 07 38 10   122 	.byte 0x0d,0x00,0x10,0x03,0x07,0x38,0x10,0x0b
             0B
      00045A 08 02 10 01 0D 00 10   123 	.byte 0x08,0x02,0x10,0x01,0x0d,0x00,0x10,0x0f
             0F
      000462 00 9F 02 83 03 07 04   124 	.byte 0x00,0x9f,0x02,0x83,0x03,0x07,0x04,0x86
             86
      00046A 06 02 07 18 08 0E 0D   125 	.byte 0x06,0x02,0x07,0x18,0x08,0x0e,0x0d,0x00
             00
      000472 10 03 07 38 10 0C 0D   126 	.byte 0x10,0x03,0x07,0x38,0x10,0x0c,0x0d,0x00
             00
      00047A 10 04 08 0A 10 0B 00   127 	.byte 0x10,0x04,0x08,0x0a,0x10,0x0b,0x00,0x96
             96
      000482 06 1F 07 18 08 0E 0D   128 	.byte 0x06,0x1f,0x07,0x18,0x08,0x0e,0x0d,0x00
             00
      00048A 10 03 07 38 10 0C 00   129 	.byte 0x10,0x03,0x07,0x38,0x10,0x0c,0x00,0x86
             86
      000492 0D 00 10 0F 06 02 07   130 	.byte 0x0d,0x00,0x10,0x0f,0x06,0x02,0x07,0x18
             18
      00049A 0D 00 10 03 07 38 10   131 	.byte 0x0d,0x00,0x10,0x03,0x07,0x38,0x10,0x01
             01
      0004A2 08 0A 10 0B 0D 00 10   132 	.byte 0x08,0x0a,0x10,0x0b,0x0d,0x00,0x10,0x09
             09
      0004AA 08 06 10 06 06 1F 07   133 	.byte 0x08,0x06,0x10,0x06,0x06,0x1f,0x07,0x18
             18
      0004B2 0D 00 10 03 07 38 10   134 	.byte 0x0d,0x00,0x10,0x03,0x07,0x38,0x10,0x0b
             0B
      0004BA 08 02 10 01 0D 00 10   135 	.byte 0x08,0x02,0x10,0x01,0x0d,0x00,0x10,0x0f
             0F
      0004C2 00 B3 02 43 03 06 04   136 	.byte 0x00,0xb3,0x02,0x43,0x03,0x06,0x04,0x96
             96
      0004CA 06 02 07 18 08 0E 0D   137 	.byte 0x06,0x02,0x07,0x18,0x08,0x0e,0x0d,0x00
             00
      0004D2 10 03 07 38 10 0C 0D   138 	.byte 0x10,0x03,0x07,0x38,0x10,0x0c,0x0d,0x00
             00
ASxxxx Assembler V02.00 + NoICE + SDCC mods  (Zilog Z80 / Hitachi HD64180 / ZX-Next / eZ80), page 9.
Hexadecimal [24-Bits]



      0004DA 10 04 08 0A 10 0B 00   139 	.byte 0x10,0x04,0x08,0x0a,0x10,0x0b,0x00,0x9f
             9F
      0004E2 06 1F 07 18 08 0E 0D   140 	.byte 0x06,0x1f,0x07,0x18,0x08,0x0e,0x0d,0x00
             00
      0004EA 10 03 07 38 10 0C 00   141 	.byte 0x10,0x03,0x07,0x38,0x10,0x0c,0x00,0x96
             96
      0004F2 0D 00 10 0F 06 02 07   142 	.byte 0x0d,0x00,0x10,0x0f,0x06,0x02,0x07,0x18
             18
      0004FA 0D 00 10 03 07 38 10   143 	.byte 0x0d,0x00,0x10,0x03,0x07,0x38,0x10,0x01
             01
      000502 08 0A 10 0B 0D 00 10   144 	.byte 0x08,0x0a,0x10,0x0b,0x0d,0x00,0x10,0x09
             09
      00050A 08 06 10 06 00 9F 06   145 	.byte 0x08,0x06,0x10,0x06,0x00,0x9f,0x06,0x1f
             1F
      000512 07 18 08 0E 0D 00 10   146 	.byte 0x07,0x18,0x08,0x0e,0x0d,0x00,0x10,0x03
             03
      00051A 07 38 10 0C 00 B3 0D   147 	.byte 0x07,0x38,0x10,0x0c,0x00,0xb3,0x0d,0x00
             00
      000522 10 0F 00 C9 02 83 03   148 	.byte 0x10,0x0f,0x00,0xc9,0x02,0x83,0x03,0x07
             07
      00052A 04 9F 06 02 07 18 0D   149 	.byte 0x04,0x9f,0x06,0x02,0x07,0x18,0x0d,0x00
             00
      000532 10 03 07 38 10 0C 0D   150 	.byte 0x10,0x03,0x07,0x38,0x10,0x0c,0x0d,0x00
             00
      00053A 10 04 08 0A 10 0B 00   151 	.byte 0x10,0x04,0x08,0x0a,0x10,0x0b,0x00,0xb3
             B3
      000542 06 1F 07 18 08 0E 0D   152 	.byte 0x06,0x1f,0x07,0x18,0x08,0x0e,0x0d,0x00
             00
      00054A 10 03 07 38 10 0C 00   153 	.byte 0x10,0x03,0x07,0x38,0x10,0x0c,0x00,0x9f
             9F
      000552 0D 00 10 0F 06 02 07   154 	.byte 0x0d,0x00,0x10,0x0f,0x06,0x02,0x07,0x18
             18
      00055A 0D 00 10 03 07 38 10   155 	.byte 0x0d,0x00,0x10,0x03,0x07,0x38,0x10,0x01
             01
      000562 08 0A 10 09 07 18 10   156 	.byte 0x08,0x0a,0x10,0x09,0x07,0x18,0x10,0x02
             02
      00056A 07 38 0D 00 10 05 07   157 	.byte 0x07,0x38,0x0d,0x00,0x10,0x05,0x07,0x18
             18
      000572 10 02 07 38 10 02 08   158 	.byte 0x10,0x02,0x07,0x38,0x10,0x02,0x08,0x06
             06
      00057A 10 03 07 18 10 02 07   159 	.byte 0x10,0x03,0x07,0x18,0x10,0x02,0x07,0x38
             38
      000582 10 01 0D 00 10 0E 08   160 	.byte 0x10,0x01,0x0d,0x00,0x10,0x0e,0x08,0x02
             02
      00058A 10 01 0D 00 10 01 07   161 	.byte 0x10,0x01,0x0d,0x00,0x10,0x01,0x07,0x18
             18
      000592 10 02 07 38 10 05 07   162 	.byte 0x10,0x02,0x07,0x38,0x10,0x05,0x07,0x18
             18
      00059A 10 02 07 38 10 05 00   163 	.byte 0x10,0x02,0x07,0x38,0x10,0x05,0x00,0x96
             96
      0005A2 02 43 03 06 04 EF 07   164 	.byte 0x02,0x43,0x03,0x06,0x04,0xef,0x07,0x18
             18
      0005AA 08 0E 0D 00 10 03 07   165 	.byte 0x08,0x0e,0x0d,0x00,0x10,0x03,0x07,0x38
             38
      0005B2 10 0C 0D 00 10 04 08   166 	.byte 0x10,0x0c,0x0d,0x00,0x10,0x04,0x08,0x0a
ASxxxx Assembler V02.00 + NoICE + SDCC mods  (Zilog Z80 / Hitachi HD64180 / ZX-Next / eZ80), page 10.
Hexadecimal [24-Bits]



             0A
      0005BA 10 0B 00 86 06 1F 07   167 	.byte 0x10,0x0b,0x00,0x86,0x06,0x1f,0x07,0x18
             18
      0005C2 08 0E 0D 00 10 03 07   168 	.byte 0x08,0x0e,0x0d,0x00,0x10,0x03,0x07,0x38
             38
      0005CA 10 0C 00 77 0D 00 10   169 	.byte 0x10,0x0c,0x00,0x77,0x0d,0x00,0x10,0x0f
             0F
      0005D2 06 02 07 18 0D 00 10   170 	.byte 0x06,0x02,0x07,0x18,0x0d,0x00,0x10,0x03
             03
      0005DA 07 38 10 01 08 0A 10   171 	.byte 0x07,0x38,0x10,0x01,0x08,0x0a,0x10,0x0b
             0B
      0005E2 0D 00 10 09 08 06 10   172 	.byte 0x0d,0x00,0x10,0x09,0x08,0x06,0x10,0x06
             06
      0005EA 00 86 06 1F 07 18 08   173 	.byte 0x00,0x86,0x06,0x1f,0x07,0x18,0x08,0x0e
             0E
      0005F2 0D 00 10 03 07 38 10   174 	.byte 0x0d,0x00,0x10,0x03,0x07,0x38,0x10,0x0c
             0C
      0005FA 00 96 0D 00 10 0F 00   175 	.byte 0x00,0x96,0x0d,0x00,0x10,0x0f,0x00,0x9f
             9F
      000602 02 83 03 07 04 0C 05   176 	.byte 0x02,0x83,0x03,0x07,0x04,0x0c,0x05,0x01
             01
      00060A 06 02 07 18 0D 00 10   177 	.byte 0x06,0x02,0x07,0x18,0x0d,0x00,0x10,0x03
             03
      000612 07 38 10 0C 0D 00 10   178 	.byte 0x07,0x38,0x10,0x0c,0x0d,0x00,0x10,0x04
             04
      00061A 08 0A 10 0B 00 96 06   179 	.byte 0x08,0x0a,0x10,0x0b,0x00,0x96,0x06,0x1f
             1F
      000622 07 18 08 0E 0D 00 10   180 	.byte 0x07,0x18,0x08,0x0e,0x0d,0x00,0x10,0x03
             03
      00062A 07 38 10 0C 00 86 0D   181 	.byte 0x07,0x38,0x10,0x0c,0x00,0x86,0x0d,0x00
             00
      000632 10 0F 06 02 07 18 0D   182 	.byte 0x10,0x0f,0x06,0x02,0x07,0x18,0x0d,0x00
             00
      00063A 10 03 07 38 10 01 08   183 	.byte 0x10,0x03,0x07,0x38,0x10,0x01,0x08,0x0a
             0A
      000642 10 0B 0D 00 10 09 08   184 	.byte 0x10,0x0b,0x0d,0x00,0x10,0x09,0x08,0x06
             06
      00064A 10 06 06 1F 07 18 0D   185 	.byte 0x10,0x06,0x06,0x1f,0x07,0x18,0x0d,0x00
             00
      000652 10 03 07 38 10 0B 08   186 	.byte 0x10,0x03,0x07,0x38,0x10,0x0b,0x08,0x02
             02
      00065A 10 01 0D 00 10 0F 00   187 	.byte 0x10,0x01,0x0d,0x00,0x10,0x0f,0x00,0xb3
             B3
      000662 02 43 03 06 04 2D 06   188 	.byte 0x02,0x43,0x03,0x06,0x04,0x2d,0x06,0x02
             02
      00066A 07 18 08 0E 0D 00 10   189 	.byte 0x07,0x18,0x08,0x0e,0x0d,0x00,0x10,0x03
             03
      000672 07 38 10 0C 0D 00 10   190 	.byte 0x07,0x38,0x10,0x0c,0x0d,0x00,0x10,0x04
             04
      00067A 08 0A 10 0B 00 9F 06   191 	.byte 0x08,0x0a,0x10,0x0b,0x00,0x9f,0x06,0x1f
             1F
      000682 07 18 08 0E 0D 00 10   192 	.byte 0x07,0x18,0x08,0x0e,0x0d,0x00,0x10,0x03
             03
      00068A 07 38 10 0C 00 96 0D   193 	.byte 0x07,0x38,0x10,0x0c,0x00,0x96,0x0d,0x00
             00
ASxxxx Assembler V02.00 + NoICE + SDCC mods  (Zilog Z80 / Hitachi HD64180 / ZX-Next / eZ80), page 11.
Hexadecimal [24-Bits]



      000692 10 0F 06 02 07 18 0D   194 	.byte 0x10,0x0f,0x06,0x02,0x07,0x18,0x0d,0x00
             00
      00069A 10 03 07 38 10 01 08   195 	.byte 0x10,0x03,0x07,0x38,0x10,0x01,0x08,0x0a
             0A
      0006A2 10 0B 0D 00 10 09 08   196 	.byte 0x10,0x0b,0x0d,0x00,0x10,0x09,0x08,0x06
             06
      0006AA 10 06 00 9F 06 1F 07   197 	.byte 0x10,0x06,0x00,0x9f,0x06,0x1f,0x07,0x18
             18
      0006B2 08 0E 0D 00 10 03 07   198 	.byte 0x08,0x0e,0x0d,0x00,0x10,0x03,0x07,0x38
             38
      0006BA 10 0C 00 B3 0D 00 10   199 	.byte 0x10,0x0c,0x00,0xb3,0x0d,0x00,0x10,0x0f
             0F
      0006C2 00 C9 02 83 03 07 04   200 	.byte 0x00,0xc9,0x02,0x83,0x03,0x07,0x04,0x3f
             3F
      0006CA 06 02 07 18 0D 00 10   201 	.byte 0x06,0x02,0x07,0x18,0x0d,0x00,0x10,0x03
             03
      0006D2 07 38 10 0C 0D 00 10   202 	.byte 0x07,0x38,0x10,0x0c,0x0d,0x00,0x10,0x04
             04
      0006DA 08 0A 10 0B 00 0C 01   203 	.byte 0x08,0x0a,0x10,0x0b,0x00,0x0c,0x01,0x01
             01
      0006E2 06 1F 07 18 08 0E 0D   204 	.byte 0x06,0x1f,0x07,0x18,0x08,0x0e,0x0d,0x00
             00
      0006EA 10 03 07 38 10 0C 00   205 	.byte 0x10,0x03,0x07,0x38,0x10,0x0c,0x00,0xef
             EF
      0006F2 01 00 0D 00 10 0F 06   206 	.byte 0x01,0x00,0x0d,0x00,0x10,0x0f,0x06,0x02
             02
      0006FA 07 18 0D 00 10 03 07   207 	.byte 0x07,0x18,0x0d,0x00,0x10,0x03,0x07,0x38
             38
      000702 10 01 08 0A 10 09 07   208 	.byte 0x10,0x01,0x08,0x0a,0x10,0x09,0x07,0x18
             18
      00070A 10 02 07 38 0D 00 10   209 	.byte 0x10,0x02,0x07,0x38,0x0d,0x00,0x10,0x05
             05
      000712 07 18 10 02 07 38 10   210 	.byte 0x07,0x18,0x10,0x02,0x07,0x38,0x10,0x02
             02
      00071A 08 06 10 03 07 18 10   211 	.byte 0x08,0x06,0x10,0x03,0x07,0x18,0x10,0x02
             02
      000722 07 38 10 01 0D 00 10   212 	.byte 0x07,0x38,0x10,0x01,0x0d,0x00,0x10,0x0e
             0E
      00072A 08 02 10 01 0D 00 10   213 	.byte 0x08,0x02,0x10,0x01,0x0d,0x00,0x10,0x01
             01
      000732 07 18 10 02 07 38 10   214 	.byte 0x07,0x18,0x10,0x02,0x07,0x38,0x10,0x05
             05
      00073A 07 18 10 02 07 38 08   215 	.byte 0x07,0x18,0x10,0x02,0x07,0x38,0x08,0x00
             00
      000742 09 00 0A 00 FF FF      216 	.byte 0x09,0x00,0x0a,0x00,0xff,0xff
ASxxxx Assembler V02.00 + NoICE + SDCC mods  (Zilog Z80 / Hitachi HD64180 / ZX-Next / eZ80), page 12.
Hexadecimal [24-Bits]



                                    119 
                                    120 		.area _DATA
                                    121 
      000000                        122 isr2vector_copy:.ds	2
      000002                        123 delay_cnt:	.ds	1
      000003                        124 delay_presc:	.ds	1
                                    125 
