                                      1 ;--------------------------------------------------------
                                      2 ; File Created by SDCC : free open source ANSI-C Compiler
                                      3 ; Version 4.2.0 #13081 (Linux)
                                      4 ;--------------------------------------------------------
                                      5 	.module videodisp
                                      6 	.optsdcc -mz80
                                      7 	
                                      8 ;--------------------------------------------------------
                                      9 ; Public variables in this module
                                     10 ;--------------------------------------------------------
                                     11 	.globl _rasterdec
                                     12 	.globl _rasterchar
                                     13 	.globl _video_out
                                     14 	.globl _video_setpos
                                     15 	.globl _base
                                     16 	.globl _d10
                                     17 	.globl _d9
                                     18 	.globl _d8
                                     19 	.globl _d7
                                     20 	.globl _d6
                                     21 	.globl _d5
                                     22 	.globl _d4
                                     23 	.globl _d3
                                     24 	.globl _d2
                                     25 	.globl _d1
                                     26 	.globl _d0
                                     27 	.globl _video_printtime
                                     28 	.globl _video_border
                                     29 ;--------------------------------------------------------
                                     30 ; special function registers
                                     31 ;--------------------------------------------------------
                                     32 ;--------------------------------------------------------
                                     33 ; ram data
                                     34 ;--------------------------------------------------------
                                     35 	.area _DATA
                                     36 ;--------------------------------------------------------
                                     37 ; ram data
                                     38 ;--------------------------------------------------------
                                     39 	.area _INITIALIZED
      000000                         40 _base::
      000000                         41 	.ds 22
                                     42 ;--------------------------------------------------------
                                     43 ; absolute external ram data
                                     44 ;--------------------------------------------------------
                                     45 	.area _DABS (ABS)
                                     46 ;--------------------------------------------------------
                                     47 ; global & static initialisations
                                     48 ;--------------------------------------------------------
                                     49 	.area _HOME
                                     50 	.area _GSINIT
                                     51 	.area _GSFINAL
                                     52 	.area _GSINIT
                                     53 ;--------------------------------------------------------
                                     54 ; Home
                                     55 ;--------------------------------------------------------
                                     56 	.area _HOME
                                     57 	.area _HOME
                                     58 ;--------------------------------------------------------
                                     59 ; code
                                     60 ;--------------------------------------------------------
                                     61 	.area _CODE
                                     62 ;videodisp.c:130: void rasterchar(char d, int line){
                                     63 ;	---------------------------------
                                     64 ; Function rasterchar
                                     65 ; ---------------------------------
      000000                         66 _rasterchar::
      000000 CDr00r00         [17]   67 	call	___sdcc_enter_ix
      000003 21 FA FF         [10]   68 	ld	hl, #-6
      000006 39               [11]   69 	add	hl, sp
      000007 F9               [ 6]   70 	ld	sp, hl
                                     71 ;videodisp.c:132: char *base1 = base[d];
      000008 6F               [ 4]   72 	ld	l, a
                                     73 ;	spillPairReg hl
                                     74 ;	spillPairReg hl
      000009 26 00            [ 7]   75 	ld	h, #0x00
                                     76 ;	spillPairReg hl
                                     77 ;	spillPairReg hl
      00000B 29               [11]   78 	add	hl, hl
      00000C 01r00r00         [10]   79 	ld	bc, #_base
      00000F 09               [11]   80 	add	hl, bc
      000010 7E               [ 7]   81 	ld	a, (hl)
      000011 23               [ 6]   82 	inc	hl
      000012 6E               [ 7]   83 	ld	l, (hl)
                                     84 ;	spillPairReg hl
                                     85 ;videodisp.c:134: int mask=128;
      000013 DD 36 FC 80      [19]   86 	ld	-4 (ix), #0x80
      000017 DD 36 FD 00      [19]   87 	ld	-3 (ix), #0x00
                                     88 ;videodisp.c:136: for (i = 0; i < 8; i++){
      00001B 83               [ 4]   89 	add	a, e
      00001C DD 77 FA         [19]   90 	ld	-6 (ix), a
      00001F 7D               [ 4]   91 	ld	a, l
      000020 8A               [ 4]   92 	adc	a, d
      000021 DD 77 FB         [19]   93 	ld	-5 (ix), a
      000024 AF               [ 4]   94 	xor	a, a
      000025 DD 77 FE         [19]   95 	ld	-2 (ix), a
      000028 DD 77 FF         [19]   96 	ld	-1 (ix), a
      00002B                         97 00105$:
                                     98 ;videodisp.c:137: if (base1[line] & mask)
      00002B E1               [10]   99 	pop	hl
      00002C E5               [11]  100 	push	hl
      00002D 7E               [ 7]  101 	ld	a, (hl)
      00002E 06 00            [ 7]  102 	ld	b, #0x00
      000030 DD A6 FC         [19]  103 	and	a, -4 (ix)
      000033 4F               [ 4]  104 	ld	c, a
      000034 78               [ 4]  105 	ld	a, b
      000035 DD A6 FD         [19]  106 	and	a, -3 (ix)
      000038 B1               [ 4]  107 	or	a, c
      000039 28 07            [12]  108 	jr	Z, 00102$
                                    109 ;videodisp.c:138: video_out(0x22);
      00003B 3E 22            [ 7]  110 	ld	a, #0x22
      00003D CDr00r00         [17]  111 	call	_video_out
      000040 18 04            [12]  112 	jr	00103$
      000042                        113 00102$:
                                    114 ;videodisp.c:140: video_out(0);
      000042 AF               [ 4]  115 	xor	a, a
      000043 CDr00r00         [17]  116 	call	_video_out
      000046                        117 00103$:
                                    118 ;videodisp.c:141: mask >>= 1;
      000046 DD CB FD 2E      [23]  119 	sra	-3 (ix)
      00004A DD CB FC 1E      [23]  120 	rr	-4 (ix)
                                    121 ;videodisp.c:136: for (i = 0; i < 8; i++){
      00004E DD 34 FE         [23]  122 	inc	-2 (ix)
      000051 20 03            [12]  123 	jr	NZ, 00120$
      000053 DD 34 FF         [23]  124 	inc	-1 (ix)
      000056                        125 00120$:
      000056 DD 7E FE         [19]  126 	ld	a, -2 (ix)
      000059 D6 08            [ 7]  127 	sub	a, #0x08
      00005B DD 7E FF         [19]  128 	ld	a, -1 (ix)
      00005E 17               [ 4]  129 	rla
      00005F 3F               [ 4]  130 	ccf
      000060 1F               [ 4]  131 	rra
      000061 DE 80            [ 7]  132 	sbc	a, #0x80
      000063 38 C6            [12]  133 	jr	C, 00105$
                                    134 ;videodisp.c:143: }
      000065 DD F9            [10]  135 	ld	sp, ix
      000067 DD E1            [14]  136 	pop	ix
      000069 C9               [10]  137 	ret
      00006A                        138 _d0:
      00006A 00                     139 	.db #0x00	; 0
      00006B 7C                     140 	.db #0x7c	; 124
      00006C 82                     141 	.db #0x82	; 130
      00006D 82                     142 	.db #0x82	; 130
      00006E 82                     143 	.db #0x82	; 130
      00006F 82                     144 	.db #0x82	; 130
      000070 7C                     145 	.db #0x7c	; 124
      000071 00                     146 	.db #0x00	; 0
      000072                        147 _d1:
      000072 00                     148 	.db #0x00	; 0
      000073 10                     149 	.db #0x10	; 16
      000074 30                     150 	.db #0x30	; 48	'0'
      000075 50                     151 	.db #0x50	; 80	'P'
      000076 10                     152 	.db #0x10	; 16
      000077 10                     153 	.db #0x10	; 16
      000078 78                     154 	.db #0x78	; 120	'x'
      000079 00                     155 	.db #0x00	; 0
      00007A                        156 _d2:
      00007A 00                     157 	.db #0x00	; 0
      00007B 7C                     158 	.db #0x7c	; 124
      00007C 82                     159 	.db #0x82	; 130
      00007D 1C                     160 	.db #0x1c	; 28
      00007E 60                     161 	.db #0x60	; 96
      00007F 80                     162 	.db #0x80	; 128
      000080 FE                     163 	.db #0xfe	; 254
      000081 00                     164 	.db #0x00	; 0
      000082                        165 _d3:
      000082 00                     166 	.db #0x00	; 0
      000083 7C                     167 	.db #0x7c	; 124
      000084 82                     168 	.db #0x82	; 130
      000085 1C                     169 	.db #0x1c	; 28
      000086 02                     170 	.db #0x02	; 2
      000087 82                     171 	.db #0x82	; 130
      000088 7C                     172 	.db #0x7c	; 124
      000089 00                     173 	.db #0x00	; 0
      00008A                        174 _d4:
      00008A 00                     175 	.db #0x00	; 0
      00008B 18                     176 	.db #0x18	; 24
      00008C 28                     177 	.db #0x28	; 40
      00008D 48                     178 	.db #0x48	; 72	'H'
      00008E FE                     179 	.db #0xfe	; 254
      00008F 08                     180 	.db #0x08	; 8
      000090 08                     181 	.db #0x08	; 8
      000091 00                     182 	.db #0x00	; 0
      000092                        183 _d5:
      000092 00                     184 	.db #0x00	; 0
      000093 FC                     185 	.db #0xfc	; 252
      000094 80                     186 	.db #0x80	; 128
      000095 FC                     187 	.db #0xfc	; 252
      000096 02                     188 	.db #0x02	; 2
      000097 82                     189 	.db #0x82	; 130
      000098 7C                     190 	.db #0x7c	; 124
      000099 00                     191 	.db #0x00	; 0
      00009A                        192 _d6:
      00009A 00                     193 	.db #0x00	; 0
      00009B 7C                     194 	.db #0x7c	; 124
      00009C 80                     195 	.db #0x80	; 128
      00009D FC                     196 	.db #0xfc	; 252
      00009E 82                     197 	.db #0x82	; 130
      00009F 82                     198 	.db #0x82	; 130
      0000A0 7C                     199 	.db #0x7c	; 124
      0000A1 00                     200 	.db #0x00	; 0
      0000A2                        201 _d7:
      0000A2 00                     202 	.db #0x00	; 0
      0000A3 FE                     203 	.db #0xfe	; 254
      0000A4 04                     204 	.db #0x04	; 4
      0000A5 08                     205 	.db #0x08	; 8
      0000A6 10                     206 	.db #0x10	; 16
      0000A7 20                     207 	.db #0x20	; 32
      0000A8 40                     208 	.db #0x40	; 64
      0000A9 00                     209 	.db #0x00	; 0
      0000AA                        210 _d8:
      0000AA 00                     211 	.db #0x00	; 0
      0000AB 7C                     212 	.db #0x7c	; 124
      0000AC 82                     213 	.db #0x82	; 130
      0000AD 7C                     214 	.db #0x7c	; 124
      0000AE 82                     215 	.db #0x82	; 130
      0000AF 82                     216 	.db #0x82	; 130
      0000B0 7C                     217 	.db #0x7c	; 124
      0000B1 00                     218 	.db #0x00	; 0
      0000B2                        219 _d9:
      0000B2 00                     220 	.db #0x00	; 0
      0000B3 7C                     221 	.db #0x7c	; 124
      0000B4 82                     222 	.db #0x82	; 130
      0000B5 82                     223 	.db #0x82	; 130
      0000B6 7E                     224 	.db #0x7e	; 126
      0000B7 02                     225 	.db #0x02	; 2
      0000B8 7C                     226 	.db #0x7c	; 124
      0000B9 00                     227 	.db #0x00	; 0
      0000BA                        228 _d10:
      0000BA 00                     229 	.db #0x00	; 0
      0000BB 00                     230 	.db #0x00	; 0
      0000BC 30                     231 	.db #0x30	; 48	'0'
      0000BD 30                     232 	.db #0x30	; 48	'0'
      0000BE 00                     233 	.db #0x00	; 0
      0000BF 30                     234 	.db #0x30	; 48	'0'
      0000C0 30                     235 	.db #0x30	; 48	'0'
      0000C1 00                     236 	.db #0x00	; 0
                                    237 ;videodisp.c:146: void rasterdec(char d, int line){
                                    238 ;	---------------------------------
                                    239 ; Function rasterdec
                                    240 ; ---------------------------------
      0000C2                        241 _rasterdec::
      0000C2 CDr00r00         [17]  242 	call	___sdcc_enter_ix
      0000C5 21 F7 FF         [10]  243 	ld	hl, #-9
      0000C8 39               [11]  244 	add	hl, sp
      0000C9 F9               [ 6]  245 	ld	sp, hl
      0000CA DD 77 FD         [19]  246 	ld	-3 (ix), a
      0000CD 4B               [ 4]  247 	ld	c, e
      0000CE 42               [ 4]  248 	ld	b, d
                                    249 ;videodisp.c:148: char *base1 = base[d / 10];
      0000CF DD 7E FD         [19]  250 	ld	a, -3 (ix)
      0000D2 DD 77 FE         [19]  251 	ld	-2 (ix), a
      0000D5 DD 36 FF 00      [19]  252 	ld	-1 (ix), #0x00
      0000D9 C5               [11]  253 	push	bc
      0000DA 11 0A 00         [10]  254 	ld	de, #0x000a
      0000DD DD 6E FE         [19]  255 	ld	l, -2 (ix)
                                    256 ;	spillPairReg hl
                                    257 ;	spillPairReg hl
      0000E0 DD 66 FF         [19]  258 	ld	h, -1 (ix)
                                    259 ;	spillPairReg hl
                                    260 ;	spillPairReg hl
      0000E3 CDr00r00         [17]  261 	call	__divsint
      0000E6 EB               [ 4]  262 	ex	de, hl
      0000E7 C1               [10]  263 	pop	bc
      0000E8 29               [11]  264 	add	hl, hl
      0000E9 11r00r00         [10]  265 	ld	de, #_base
      0000EC 19               [11]  266 	add	hl, de
      0000ED 7E               [ 7]  267 	ld	a, (hl)
      0000EE DD 77 F7         [19]  268 	ld	-9 (ix), a
      0000F1 23               [ 6]  269 	inc	hl
      0000F2 7E               [ 7]  270 	ld	a, (hl)
      0000F3 DD 77 F8         [19]  271 	ld	-8 (ix), a
                                    272 ;videodisp.c:149: char *base2 = base[d % 10];
      0000F6 C5               [11]  273 	push	bc
      0000F7 11 0A 00         [10]  274 	ld	de, #0x000a
      0000FA DD 6E FE         [19]  275 	ld	l, -2 (ix)
                                    276 ;	spillPairReg hl
                                    277 ;	spillPairReg hl
      0000FD DD 66 FF         [19]  278 	ld	h, -1 (ix)
                                    279 ;	spillPairReg hl
                                    280 ;	spillPairReg hl
      000100 CDr00r00         [17]  281 	call	__modsint
      000103 EB               [ 4]  282 	ex	de, hl
      000104 C1               [10]  283 	pop	bc
      000105 29               [11]  284 	add	hl, hl
      000106 11r00r00         [10]  285 	ld	de, #_base
      000109 19               [11]  286 	add	hl, de
      00010A 7E               [ 7]  287 	ld	a, (hl)
      00010B DD 77 F9         [19]  288 	ld	-7 (ix), a
      00010E 23               [ 6]  289 	inc	hl
      00010F 7E               [ 7]  290 	ld	a, (hl)
      000110 DD 77 FA         [19]  291 	ld	-6 (ix), a
                                    292 ;videodisp.c:151: int mask=128;
      000113 DD 36 FE 80      [19]  293 	ld	-2 (ix), #0x80
      000117 DD 36 FF 00      [19]  294 	ld	-1 (ix), #0
                                    295 ;videodisp.c:153: for (i = 0; i < 8; i++){
      00011B DD 7E F7         [19]  296 	ld	a, -9 (ix)
      00011E 81               [ 4]  297 	add	a, c
      00011F DD 77 FB         [19]  298 	ld	-5 (ix), a
      000122 DD 7E F8         [19]  299 	ld	a, -8 (ix)
      000125 88               [ 4]  300 	adc	a, b
      000126 DD 77 FC         [19]  301 	ld	-4 (ix), a
      000129 11 00 00         [10]  302 	ld	de, #0x0000
      00012C                        303 00109$:
                                    304 ;videodisp.c:154: if (base1[line] & mask)
      00012C DD 6E FB         [19]  305 	ld	l, -5 (ix)
      00012F DD 66 FC         [19]  306 	ld	h, -4 (ix)
      000132 7E               [ 7]  307 	ld	a, (hl)
      000133 26 00            [ 7]  308 	ld	h, #0x00
                                    309 ;	spillPairReg hl
                                    310 ;	spillPairReg hl
      000135 DD A6 FE         [19]  311 	and	a, -2 (ix)
      000138 6F               [ 4]  312 	ld	l, a
                                    313 ;	spillPairReg hl
                                    314 ;	spillPairReg hl
      000139 7C               [ 4]  315 	ld	a, h
      00013A DD A6 FF         [19]  316 	and	a, -1 (ix)
      00013D B5               [ 4]  317 	or	a, l
      00013E 28 0B            [12]  318 	jr	Z, 00102$
                                    319 ;videodisp.c:155: video_out(0x44);
      000140 C5               [11]  320 	push	bc
      000141 D5               [11]  321 	push	de
      000142 3E 44            [ 7]  322 	ld	a, #0x44
      000144 CDr00r00         [17]  323 	call	_video_out
      000147 D1               [10]  324 	pop	de
      000148 C1               [10]  325 	pop	bc
      000149 18 08            [12]  326 	jr	00103$
      00014B                        327 00102$:
                                    328 ;videodisp.c:157: video_out(0);
      00014B C5               [11]  329 	push	bc
      00014C D5               [11]  330 	push	de
      00014D AF               [ 4]  331 	xor	a, a
      00014E CDr00r00         [17]  332 	call	_video_out
      000151 D1               [10]  333 	pop	de
      000152 C1               [10]  334 	pop	bc
      000153                        335 00103$:
                                    336 ;videodisp.c:158: mask >>= 1;
      000153 DD CB FF 2E      [23]  337 	sra	-1 (ix)
      000157 DD CB FE 1E      [23]  338 	rr	-2 (ix)
                                    339 ;videodisp.c:153: for (i = 0; i < 8; i++){
      00015B 13               [ 6]  340 	inc	de
      00015C 7B               [ 4]  341 	ld	a, e
      00015D D6 08            [ 7]  342 	sub	a, #0x08
      00015F 7A               [ 4]  343 	ld	a, d
      000160 17               [ 4]  344 	rla
      000161 3F               [ 4]  345 	ccf
      000162 1F               [ 4]  346 	rra
      000163 DE 80            [ 7]  347 	sbc	a, #0x80
      000165 38 C5            [12]  348 	jr	C, 00109$
                                    349 ;videodisp.c:161: mask=128;
      000167 DD 36 FE 80      [19]  350 	ld	-2 (ix), #0x80
      00016B DD 36 FF 00      [19]  351 	ld	-1 (ix), #0
                                    352 ;videodisp.c:162: for (i = 0; i < 8; i++){
      00016F 79               [ 4]  353 	ld	a, c
      000170 DD 86 F9         [19]  354 	add	a, -7 (ix)
      000173 DD 77 FB         [19]  355 	ld	-5 (ix), a
      000176 78               [ 4]  356 	ld	a, b
      000177 DD 8E FA         [19]  357 	adc	a, -6 (ix)
      00017A DD 77 FC         [19]  358 	ld	-4 (ix), a
      00017D 11 00 00         [10]  359 	ld	de, #0x0000
      000180                        360 00111$:
                                    361 ;videodisp.c:163: if (base2[line] & mask)
      000180 DD 6E FB         [19]  362 	ld	l, -5 (ix)
      000183 DD 66 FC         [19]  363 	ld	h, -4 (ix)
      000186 7E               [ 7]  364 	ld	a, (hl)
      000187 06 00            [ 7]  365 	ld	b, #0x00
      000189 DD A6 FE         [19]  366 	and	a, -2 (ix)
      00018C 4F               [ 4]  367 	ld	c, a
      00018D 78               [ 4]  368 	ld	a, b
      00018E DD A6 FF         [19]  369 	and	a, -1 (ix)
      000191 B1               [ 4]  370 	or	a, c
      000192 28 09            [12]  371 	jr	Z, 00106$
                                    372 ;videodisp.c:164: video_out(0x44);
      000194 D5               [11]  373 	push	de
      000195 3E 44            [ 7]  374 	ld	a, #0x44
      000197 CDr00r00         [17]  375 	call	_video_out
      00019A D1               [10]  376 	pop	de
      00019B 18 06            [12]  377 	jr	00107$
      00019D                        378 00106$:
                                    379 ;videodisp.c:166: video_out(0);
      00019D D5               [11]  380 	push	de
      00019E AF               [ 4]  381 	xor	a, a
      00019F CDr00r00         [17]  382 	call	_video_out
      0001A2 D1               [10]  383 	pop	de
      0001A3                        384 00107$:
                                    385 ;videodisp.c:167: mask >>= 1;
      0001A3 DD CB FF 2E      [23]  386 	sra	-1 (ix)
      0001A7 DD CB FE 1E      [23]  387 	rr	-2 (ix)
                                    388 ;videodisp.c:162: for (i = 0; i < 8; i++){
      0001AB 13               [ 6]  389 	inc	de
      0001AC 7B               [ 4]  390 	ld	a, e
      0001AD D6 08            [ 7]  391 	sub	a, #0x08
      0001AF 7A               [ 4]  392 	ld	a, d
      0001B0 17               [ 4]  393 	rla
      0001B1 3F               [ 4]  394 	ccf
      0001B2 1F               [ 4]  395 	rra
      0001B3 DE 80            [ 7]  396 	sbc	a, #0x80
      0001B5 38 C9            [12]  397 	jr	C, 00111$
                                    398 ;videodisp.c:169: }
      0001B7 DD F9            [10]  399 	ld	sp, ix
      0001B9 DD E1            [14]  400 	pop	ix
      0001BB C9               [10]  401 	ret
                                    402 ;videodisp.c:172: void video_printtime(char h, char m, char s){
                                    403 ;	---------------------------------
                                    404 ; Function video_printtime
                                    405 ; ---------------------------------
      0001BC                        406 _video_printtime::
      0001BC DD E5            [15]  407 	push	ix
      0001BE DD 21 00 00      [14]  408 	ld	ix,#0
      0001C2 DD 39            [15]  409 	add	ix,sp
      0001C4 F5               [11]  410 	push	af
      0001C5 DD 77 FF         [19]  411 	ld	-1 (ix), a
      0001C8 DD 75 FE         [19]  412 	ld	-2 (ix), l
                                    413 ;videodisp.c:176: for (i = 0; i < 16; i+=2){
      0001CB 01 00 00         [10]  414 	ld	bc, #0x0000
      0001CE                        415 00102$:
                                    416 ;videodisp.c:178: video_setpos(i + 110, 48);
      0001CE 21 6E 00         [10]  417 	ld	hl, #0x006e
      0001D1 09               [11]  418 	add	hl, bc
      0001D2 C5               [11]  419 	push	bc
      0001D3 11 30 00         [10]  420 	ld	de, #0x0030
      0001D6 CDr00r00         [17]  421 	call	_video_setpos
      0001D9 C1               [10]  422 	pop	bc
                                    423 ;videodisp.c:180: rasterdec(h,i>>1);
      0001DA 69               [ 4]  424 	ld	l, c
      0001DB 60               [ 4]  425 	ld	h, b
      0001DC CB 2C            [ 8]  426 	sra	h
      0001DE CB 1D            [ 8]  427 	rr	l
      0001E0 E5               [11]  428 	push	hl
      0001E1 C5               [11]  429 	push	bc
      0001E2 EB               [ 4]  430 	ex	de,hl
      0001E3 DD 7E FF         [19]  431 	ld	a, -1 (ix)
      0001E6 CDrC2r00         [17]  432 	call	_rasterdec
      0001E9 C1               [10]  433 	pop	bc
      0001EA E1               [10]  434 	pop	hl
                                    435 ;videodisp.c:181: rasterchar(10,i>>1);
      0001EB E5               [11]  436 	push	hl
      0001EC C5               [11]  437 	push	bc
      0001ED EB               [ 4]  438 	ex	de,hl
      0001EE 3E 0A            [ 7]  439 	ld	a, #0x0a
      0001F0 CDr00r00         [17]  440 	call	_rasterchar
      0001F3 C1               [10]  441 	pop	bc
      0001F4 E1               [10]  442 	pop	hl
                                    443 ;videodisp.c:182: rasterdec(m,i>>1);
      0001F5 E5               [11]  444 	push	hl
      0001F6 C5               [11]  445 	push	bc
      0001F7 EB               [ 4]  446 	ex	de,hl
      0001F8 DD 7E FE         [19]  447 	ld	a, -2 (ix)
      0001FB CDrC2r00         [17]  448 	call	_rasterdec
      0001FE C1               [10]  449 	pop	bc
      0001FF E1               [10]  450 	pop	hl
                                    451 ;videodisp.c:183: rasterchar(10,i>>1);
      000200 E5               [11]  452 	push	hl
      000201 C5               [11]  453 	push	bc
      000202 EB               [ 4]  454 	ex	de,hl
      000203 3E 0A            [ 7]  455 	ld	a, #0x0a
      000205 CDr00r00         [17]  456 	call	_rasterchar
      000208 C1               [10]  457 	pop	bc
      000209 E1               [10]  458 	pop	hl
                                    459 ;videodisp.c:184: rasterdec(s,i>>1);
      00020A C5               [11]  460 	push	bc
      00020B EB               [ 4]  461 	ex	de, hl
      00020C DD 7E 04         [19]  462 	ld	a, 4 (ix)
      00020F CDrC2r00         [17]  463 	call	_rasterdec
      000212 C1               [10]  464 	pop	bc
                                    465 ;videodisp.c:176: for (i = 0; i < 16; i+=2){
      000213 03               [ 6]  466 	inc	bc
      000214 03               [ 6]  467 	inc	bc
      000215 79               [ 4]  468 	ld	a, c
      000216 D6 10            [ 7]  469 	sub	a, #0x10
      000218 78               [ 4]  470 	ld	a, b
      000219 17               [ 4]  471 	rla
      00021A 3F               [ 4]  472 	ccf
      00021B 1F               [ 4]  473 	rra
      00021C DE 80            [ 7]  474 	sbc	a, #0x80
      00021E 38 AE            [12]  475 	jr	C, 00102$
                                    476 ;videodisp.c:186: }
      000220 F1               [10]  477 	pop	af
      000221 DD E1            [14]  478 	pop	ix
      000223 E1               [10]  479 	pop	hl
      000224 33               [ 6]  480 	inc	sp
      000225 E9               [ 4]  481 	jp	(hl)
                                    482 ;videodisp.c:189: void video_border(){
                                    483 ;	---------------------------------
                                    484 ; Function video_border
                                    485 ; ---------------------------------
      000226                        486 _video_border::
                                    487 ;videodisp.c:194: for (row = 1; row < 239; row++){
      000226 21 01 00         [10]  488 	ld	hl, #0x0001
      000229                        489 00104$:
                                    490 ;videodisp.c:195: video_setpos(row,0); 
      000229 E5               [11]  491 	push	hl
      00022A 11 00 00         [10]  492 	ld	de, #0x0000
      00022D CDr00r00         [17]  493 	call	_video_setpos
      000230 3E 60            [ 7]  494 	ld	a, #0x60
      000232 CDr00r00         [17]  495 	call	_video_out
      000235 E1               [10]  496 	pop	hl
                                    497 ;videodisp.c:197: video_setpos(row,159); 
      000236 E5               [11]  498 	push	hl
      000237 11 9F 00         [10]  499 	ld	de, #0x009f
      00023A CDr00r00         [17]  500 	call	_video_setpos
      00023D 3E 06            [ 7]  501 	ld	a, #0x06
      00023F CDr00r00         [17]  502 	call	_video_out
      000242 E1               [10]  503 	pop	hl
                                    504 ;videodisp.c:194: for (row = 1; row < 239; row++){
      000243 23               [ 6]  505 	inc	hl
      000244 7D               [ 4]  506 	ld	a, l
      000245 D6 EF            [ 7]  507 	sub	a, #0xef
      000247 7C               [ 4]  508 	ld	a, h
      000248 17               [ 4]  509 	rla
      000249 3F               [ 4]  510 	ccf
      00024A 1F               [ 4]  511 	rra
      00024B DE 80            [ 7]  512 	sbc	a, #0x80
      00024D 38 DA            [12]  513 	jr	C, 00104$
                                    514 ;videodisp.c:201: video_setpos(0,0); 
      00024F 11 00 00         [10]  515 	ld	de, #0x0000
      000252 21 00 00         [10]  516 	ld	hl, #0x0000
      000255 CDr00r00         [17]  517 	call	_video_setpos
                                    518 ;videodisp.c:202: for (col = 0; col < 160; col++)
      000258 01 00 00         [10]  519 	ld	bc, #0x0000
      00025B                        520 00106$:
                                    521 ;videodisp.c:203: video_out(0x66);
      00025B C5               [11]  522 	push	bc
      00025C 3E 66            [ 7]  523 	ld	a, #0x66
      00025E CDr00r00         [17]  524 	call	_video_out
      000261 C1               [10]  525 	pop	bc
                                    526 ;videodisp.c:202: for (col = 0; col < 160; col++)
      000262 03               [ 6]  527 	inc	bc
      000263 79               [ 4]  528 	ld	a, c
      000264 D6 A0            [ 7]  529 	sub	a, #0xa0
      000266 78               [ 4]  530 	ld	a, b
      000267 17               [ 4]  531 	rla
      000268 3F               [ 4]  532 	ccf
      000269 1F               [ 4]  533 	rra
      00026A DE 80            [ 7]  534 	sbc	a, #0x80
      00026C 38 ED            [12]  535 	jr	C, 00106$
                                    536 ;videodisp.c:213: video_setpos(239,0); 
      00026E 11 00 00         [10]  537 	ld	de, #0x0000
      000271 21 EF 00         [10]  538 	ld	hl, #0x00ef
      000274 CDr00r00         [17]  539 	call	_video_setpos
                                    540 ;videodisp.c:214: for (col = 0; col < 160; col++)
      000277 01 00 00         [10]  541 	ld	bc, #0x0000
      00027A                        542 00108$:
                                    543 ;videodisp.c:215: video_out(0x66);
      00027A C5               [11]  544 	push	bc
      00027B 3E 66            [ 7]  545 	ld	a, #0x66
      00027D CDr00r00         [17]  546 	call	_video_out
      000280 C1               [10]  547 	pop	bc
                                    548 ;videodisp.c:214: for (col = 0; col < 160; col++)
      000281 03               [ 6]  549 	inc	bc
      000282 79               [ 4]  550 	ld	a, c
      000283 D6 A0            [ 7]  551 	sub	a, #0xa0
      000285 78               [ 4]  552 	ld	a, b
      000286 17               [ 4]  553 	rla
      000287 3F               [ 4]  554 	ccf
      000288 1F               [ 4]  555 	rra
      000289 DE 80            [ 7]  556 	sbc	a, #0x80
      00028B 38 ED            [12]  557 	jr	C, 00108$
                                    558 ;videodisp.c:216: }
      00028D C9               [10]  559 	ret
                                    560 	.area _CODE
                                    561 	.area _INITIALIZER
      000000                        562 __xinit__base:
      000000r6Ar00                  563 	.dw _d0
      000002r72r00                  564 	.dw _d1
      000004r7Ar00                  565 	.dw _d2
      000006r82r00                  566 	.dw _d3
      000008r8Ar00                  567 	.dw _d4
      00000Ar92r00                  568 	.dw _d5
      00000Cr9Ar00                  569 	.dw _d6
      00000ErA2r00                  570 	.dw _d7
      000010rAAr00                  571 	.dw _d8
      000012rB2r00                  572 	.dw _d9
      000014rBAr00                  573 	.dw _d10
                                    574 	.area _CABS (ABS)
