                                      1 ;--------------------------------------------------------
                                      2 ; File Created by SDCC : free open source ANSI-C Compiler
                                      3 ; Version 4.2.0 #13081 (Linux)
                                      4 ;--------------------------------------------------------
                                      5 	.module wolfram
                                      6 	.optsdcc -mz80
                                      7 	
                                      8 ;--------------------------------------------------------
                                      9 ; Public variables in this module
                                     10 ;--------------------------------------------------------
                                     11 	.globl _main
                                     12 	.globl _wolfram
                                     13 	.globl _putstr
                                     14 	.globl _lgets
                                     15 	.globl _atoi
                                     16 ;--------------------------------------------------------
                                     17 ; special function registers
                                     18 ;--------------------------------------------------------
                                     19 ;--------------------------------------------------------
                                     20 ; ram data
                                     21 ;--------------------------------------------------------
                                     22 	.area _DATA
                                     23 ;--------------------------------------------------------
                                     24 ; ram data
                                     25 ;--------------------------------------------------------
                                     26 	.area _INITIALIZED
                                     27 ;--------------------------------------------------------
                                     28 ; absolute external ram data
                                     29 ;--------------------------------------------------------
                                     30 	.area _DABS (ABS)
                                     31 ;--------------------------------------------------------
                                     32 ; global & static initialisations
                                     33 ;--------------------------------------------------------
                                     34 	.area _HOME
                                     35 	.area _GSINIT
                                     36 	.area _GSFINAL
                                     37 	.area _GSINIT
                                     38 ;--------------------------------------------------------
                                     39 ; Home
                                     40 ;--------------------------------------------------------
                                     41 	.area _HOME
                                     42 	.area _HOME
                                     43 ;--------------------------------------------------------
                                     44 ; code
                                     45 ;--------------------------------------------------------
                                     46 	.area _CODE
                                     47 ;wolfram.c:17: int wolfram(int width, int height, int rulenum) {
                                     48 ;	---------------------------------
                                     49 ; Function wolfram
                                     50 ; ---------------------------------
      000000                         51 _wolfram::
      000000 DD E5            [15]   52 	push	ix
      000002 DD 21 00 00      [14]   53 	ld	ix,#0
      000006 DD 39            [15]   54 	add	ix,sp
      000008 FD 21 AA FE      [14]   55 	ld	iy, #-342
      00000C FD 39            [15]   56 	add	iy, sp
      00000E FD F9            [10]   57 	ld	sp, iy
      000010 DD 75 FC         [19]   58 	ld	-4 (ix), l
      000013 DD 74 FD         [19]   59 	ld	-3 (ix), h
      000016 DD 73 FA         [19]   60 	ld	-6 (ix), e
      000019 DD 72 FB         [19]   61 	ld	-5 (ix), d
                                     62 ;wolfram.c:22: memset(cells, 0, width);
      00001C DD 6E FC         [19]   63 	ld	l, -4 (ix)
                                     64 ;	spillPairReg hl
                                     65 ;	spillPairReg hl
      00001F DD 66 FD         [19]   66 	ld	h, -3 (ix)
                                     67 ;	spillPairReg hl
                                     68 ;	spillPairReg hl
      000022 E5               [11]   69 	push	hl
      000023 11 00 00         [10]   70 	ld	de, #0x0000
      000026 21 02 00         [10]   71 	ld	hl, #2
      000029 39               [11]   72 	add	hl, sp
      00002A CDr00r00         [17]   73 	call	_memset
                                     74 ;wolfram.c:23: memset(nextcells, 0, width);
      00002D DD 6E FC         [19]   75 	ld	l, -4 (ix)
                                     76 ;	spillPairReg hl
                                     77 ;	spillPairReg hl
      000030 DD 66 FD         [19]   78 	ld	h, -3 (ix)
                                     79 ;	spillPairReg hl
                                     80 ;	spillPairReg hl
      000033 E5               [11]   81 	push	hl
      000034 11 00 00         [10]   82 	ld	de, #0x0000
      000037 21 A2 00         [10]   83 	ld	hl, #162
      00003A 39               [11]   84 	add	hl, sp
      00003B CDr00r00         [17]   85 	call	_memset
                                     86 ;wolfram.c:25: cells[width / 2] = 1;
      00003E DD 4E FC         [19]   87 	ld	c, -4 (ix)
      000041 DD 46 FD         [19]   88 	ld	b, -3 (ix)
      000044 DD CB FD 7E      [20]   89 	bit	7, -3 (ix)
      000048 28 07            [12]   90 	jr	Z, 00136$
      00004A DD 4E FC         [19]   91 	ld	c, -4 (ix)
      00004D DD 46 FD         [19]   92 	ld	b, -3 (ix)
      000050 03               [ 6]   93 	inc	bc
      000051                         94 00136$:
      000051 CB 28            [ 8]   95 	sra	b
      000053 CB 19            [ 8]   96 	rr	c
      000055 21 00 00         [10]   97 	ld	hl, #0
      000058 39               [11]   98 	add	hl, sp
      000059 09               [11]   99 	add	hl, bc
      00005A 36 01            [10]  100 	ld	(hl), #0x01
                                    101 ;wolfram.c:29: int mask = 1;
      00005C DD 36 F8 01      [19]  102 	ld	-8 (ix), #0x01
      000060 DD 36 F9 00      [19]  103 	ld	-7 (ix), #0
                                    104 ;wolfram.c:35: for (i = 0; i < 8; i++) {
      000064 AF               [ 4]  105 	xor	a, a
      000065 DD 77 FE         [19]  106 	ld	-2 (ix), a
      000068 DD 77 FF         [19]  107 	ld	-1 (ix), a
      00006B                        108 00117$:
                                    109 ;wolfram.c:37: if (rulenum & mask)
      00006B DD 7E 04         [19]  110 	ld	a, 4 (ix)
      00006E DD A6 F8         [19]  111 	and	a, -8 (ix)
      000071 4F               [ 4]  112 	ld	c, a
      000072 DD 7E 05         [19]  113 	ld	a, 5 (ix)
      000075 DD A6 F9         [19]  114 	and	a, -7 (ix)
      000078 B1               [ 4]  115 	or	a, c
      000079 28 0F            [12]  116 	jr	Z, 00102$
                                    117 ;wolfram.c:38: rule[i] = 1;
      00007B DD 5E FE         [19]  118 	ld	e, -2 (ix)
      00007E DD 56 FF         [19]  119 	ld	d, -1 (ix)
      000081 21 40 01         [10]  120 	ld	hl, #320
      000084 39               [11]  121 	add	hl, sp
      000085 19               [11]  122 	add	hl, de
      000086 36 01            [10]  123 	ld	(hl), #0x01
      000088 18 13            [12]  124 	jr	00103$
      00008A                        125 00102$:
                                    126 ;wolfram.c:40: rule[i] = 0;
      00008A DD 5E FE         [19]  127 	ld	e, -2 (ix)
      00008D DD 56 FF         [19]  128 	ld	d, -1 (ix)
      000090 21 40 01         [10]  129 	ld	hl, #320
      000093 39               [11]  130 	add	hl, sp
      000094 19               [11]  131 	add	hl, de
      000095 DD 75 F6         [19]  132 	ld	-10 (ix), l
      000098 DD 74 F7         [19]  133 	ld	-9 (ix), h
      00009B 36 00            [10]  134 	ld	(hl), #0x00
      00009D                        135 00103$:
                                    136 ;wolfram.c:42: mask <<= 1;
      00009D DD CB F8 26      [23]  137 	sla	-8 (ix)
      0000A1 DD CB F9 16      [23]  138 	rl	-7 (ix)
                                    139 ;wolfram.c:35: for (i = 0; i < 8; i++) {
      0000A5 DD 34 FE         [23]  140 	inc	-2 (ix)
      0000A8 20 03            [12]  141 	jr	NZ, 00229$
      0000AA DD 34 FF         [23]  142 	inc	-1 (ix)
      0000AD                        143 00229$:
      0000AD DD 7E FE         [19]  144 	ld	a, -2 (ix)
      0000B0 D6 08            [ 7]  145 	sub	a, #0x08
      0000B2 DD 7E FF         [19]  146 	ld	a, -1 (ix)
      0000B5 17               [ 4]  147 	rla
      0000B6 3F               [ 4]  148 	ccf
      0000B7 1F               [ 4]  149 	rra
      0000B8 DE 80            [ 7]  150 	sbc	a, #0x80
      0000BA 38 AF            [12]  151 	jr	C, 00117$
                                    152 ;wolfram.c:47: putstr("\r\n.");
      0000BC 21r3Er02         [10]  153 	ld	hl, #___str_0
      0000BF CDr00r00         [17]  154 	call	_putstr
                                    155 ;wolfram.c:48: for (i = 0; i < width; i++)
      0000C2 01 00 00         [10]  156 	ld	bc, #0x0000
      0000C5                        157 00120$:
      0000C5 79               [ 4]  158 	ld	a, c
      0000C6 DD 96 FC         [19]  159 	sub	a, -4 (ix)
      0000C9 78               [ 4]  160 	ld	a, b
      0000CA DD 9E FD         [19]  161 	sbc	a, -3 (ix)
      0000CD E2rD2r00         [10]  162 	jp	PO, 00230$
      0000D0 EE 80            [ 7]  163 	xor	a, #0x80
      0000D2                        164 00230$:
      0000D2 F2rE0r00         [10]  165 	jp	P, 00105$
                                    166 ;wolfram.c:49: putstr("=");
      0000D5 C5               [11]  167 	push	bc
      0000D6 21r42r02         [10]  168 	ld	hl, #___str_1
      0000D9 CDr00r00         [17]  169 	call	_putstr
      0000DC C1               [10]  170 	pop	bc
                                    171 ;wolfram.c:48: for (i = 0; i < width; i++)
      0000DD 03               [ 6]  172 	inc	bc
      0000DE 18 E5            [12]  173 	jr	00120$
      0000E0                        174 00105$:
                                    175 ;wolfram.c:50: putstr(".\r\n.");
      0000E0 21r44r02         [10]  176 	ld	hl, #___str_2
      0000E3 CDr00r00         [17]  177 	call	_putstr
                                    178 ;wolfram.c:53: for (it = 0; it < height; it++) {
      0000E6 DD 7E FC         [19]  179 	ld	a, -4 (ix)
      0000E9 C6 FF            [ 7]  180 	add	a, #0xff
      0000EB DD 77 F2         [19]  181 	ld	-14 (ix), a
      0000EE DD 7E FD         [19]  182 	ld	a, -3 (ix)
      0000F1 CE FF            [ 7]  183 	adc	a, #0xff
      0000F3 DD 77 F3         [19]  184 	ld	-13 (ix), a
      0000F6 AF               [ 4]  185 	xor	a, a
      0000F7 DD 77 FE         [19]  186 	ld	-2 (ix), a
      0000FA DD 77 FF         [19]  187 	ld	-1 (ix), a
      0000FD                        188 00129$:
      0000FD DD 7E FE         [19]  189 	ld	a, -2 (ix)
      000100 DD 96 FA         [19]  190 	sub	a, -6 (ix)
      000103 DD 7E FF         [19]  191 	ld	a, -1 (ix)
      000106 DD 9E FB         [19]  192 	sbc	a, -5 (ix)
      000109 E2r0Er01         [10]  193 	jp	PO, 00231$
      00010C EE 80            [ 7]  194 	xor	a, #0x80
      00010E                        195 00231$:
      00010E F2r10r02         [10]  196 	jp	P, 00115$
                                    197 ;wolfram.c:55: for (i = 0; i < width; i++) {
      000111 AF               [ 4]  198 	xor	a, a
      000112 DD 77 F8         [19]  199 	ld	-8 (ix), a
      000115 DD 77 F9         [19]  200 	ld	-7 (ix), a
      000118                        201 00123$:
      000118 DD 7E F8         [19]  202 	ld	a, -8 (ix)
      00011B DD 96 FC         [19]  203 	sub	a, -4 (ix)
      00011E DD 7E F9         [19]  204 	ld	a, -7 (ix)
      000121 DD 9E FD         [19]  205 	sbc	a, -3 (ix)
      000124 E2r29r01         [10]  206 	jp	PO, 00232$
      000127 EE 80            [ 7]  207 	xor	a, #0x80
      000129                        208 00232$:
      000129 F2r53r01         [10]  209 	jp	P, 00109$
                                    210 ;wolfram.c:57: if (cells[i])
      00012C DD 5E F8         [19]  211 	ld	e, -8 (ix)
      00012F DD 56 F9         [19]  212 	ld	d, -7 (ix)
      000132 21 00 00         [10]  213 	ld	hl, #0
      000135 39               [11]  214 	add	hl, sp
      000136 19               [11]  215 	add	hl, de
      000137 7E               [ 7]  216 	ld	a, (hl)
      000138 B7               [ 4]  217 	or	a, a
      000139 28 08            [12]  218 	jr	Z, 00107$
                                    219 ;wolfram.c:58: putstr("#");
      00013B 21r49r02         [10]  220 	ld	hl, #___str_3
      00013E CDr00r00         [17]  221 	call	_putstr
      000141 18 06            [12]  222 	jr	00124$
      000143                        223 00107$:
                                    224 ;wolfram.c:60: putstr(" ");
      000143 21r4Br02         [10]  225 	ld	hl, #___str_4
      000146 CDr00r00         [17]  226 	call	_putstr
      000149                        227 00124$:
                                    228 ;wolfram.c:55: for (i = 0; i < width; i++) {
      000149 DD 34 F8         [23]  229 	inc	-8 (ix)
      00014C 20 CA            [12]  230 	jr	NZ, 00123$
      00014E DD 34 F9         [23]  231 	inc	-7 (ix)
      000151 18 C5            [12]  232 	jr	00123$
      000153                        233 00109$:
                                    234 ;wolfram.c:63: putstr(".\r\n.");
      000153 21r44r02         [10]  235 	ld	hl, #___str_2
      000156 CDr00r00         [17]  236 	call	_putstr
                                    237 ;wolfram.c:65: for (i = 0; i < width; i++) {
      000159 01 00 00         [10]  238 	ld	bc, #0x0000
      00015C                        239 00126$:
      00015C 79               [ 4]  240 	ld	a, c
      00015D DD 96 FC         [19]  241 	sub	a, -4 (ix)
      000160 78               [ 4]  242 	ld	a, b
      000161 DD 9E FD         [19]  243 	sbc	a, -3 (ix)
      000164 E2r69r01         [10]  244 	jp	PO, 00234$
      000167 EE 80            [ 7]  245 	xor	a, #0x80
      000169                        246 00234$:
      000169 F2rEFr01         [10]  247 	jp	P, 00114$
                                    248 ;wolfram.c:67: int il = i - 1;
      00016C 59               [ 4]  249 	ld	e, c
      00016D 50               [ 4]  250 	ld	d, b
      00016E 1B               [ 6]  251 	dec	de
                                    252 ;wolfram.c:68: if (il < 0)
      00016F CB 7A            [ 8]  253 	bit	7, d
      000171 28 06            [12]  254 	jr	Z, 00111$
                                    255 ;wolfram.c:69: il = width - 1;
      000173 DD 5E F2         [19]  256 	ld	e, -14 (ix)
      000176 DD 56 F3         [19]  257 	ld	d, -13 (ix)
      000179                        258 00111$:
                                    259 ;wolfram.c:71: int ir = i + 1;
      000179 69               [ 4]  260 	ld	l, c
      00017A 60               [ 4]  261 	ld	h, b
      00017B 23               [ 6]  262 	inc	hl
      00017C DD 75 F4         [19]  263 	ld	-12 (ix), l
      00017F DD 74 F5         [19]  264 	ld	-11 (ix), h
      000182 DD 7E F4         [19]  265 	ld	a, -12 (ix)
      000185 DD 77 F6         [19]  266 	ld	-10 (ix), a
      000188 DD 7E F5         [19]  267 	ld	a, -11 (ix)
      00018B DD 77 F7         [19]  268 	ld	-9 (ix), a
                                    269 ;wolfram.c:72: if (ir == width)
      00018E DD 7E FC         [19]  270 	ld	a, -4 (ix)
      000191 DD 96 F6         [19]  271 	sub	a, -10 (ix)
      000194 20 0F            [12]  272 	jr	NZ, 00113$
      000196 DD 7E FD         [19]  273 	ld	a, -3 (ix)
      000199 DD 96 F7         [19]  274 	sub	a, -9 (ix)
      00019C 20 07            [12]  275 	jr	NZ, 00113$
                                    276 ;wolfram.c:73: ir = 0;
      00019E AF               [ 4]  277 	xor	a, a
      00019F DD 77 F6         [19]  278 	ld	-10 (ix), a
      0001A2 DD 77 F7         [19]  279 	ld	-9 (ix), a
      0001A5                        280 00113$:
                                    281 ;wolfram.c:75: int idx = 4 * cells[il] + 2 * cells[i] + cells[ir];
      0001A5 21 00 00         [10]  282 	ld	hl, #0
      0001A8 39               [11]  283 	add	hl, sp
      0001A9 19               [11]  284 	add	hl, de
      0001AA 5E               [ 7]  285 	ld	e, (hl)
      0001AB 16 00            [ 7]  286 	ld	d, #0x00
      0001AD EB               [ 4]  287 	ex	de, hl
      0001AE 29               [11]  288 	add	hl, hl
      0001AF 29               [11]  289 	add	hl, hl
      0001B0 EB               [ 4]  290 	ex	de, hl
      0001B1 21 00 00         [10]  291 	ld	hl, #0
      0001B4 39               [11]  292 	add	hl, sp
      0001B5 09               [11]  293 	add	hl, bc
      0001B6 6E               [ 7]  294 	ld	l, (hl)
                                    295 ;	spillPairReg hl
      0001B7 26 00            [ 7]  296 	ld	h, #0x00
                                    297 ;	spillPairReg hl
                                    298 ;	spillPairReg hl
      0001B9 29               [11]  299 	add	hl, hl
      0001BA 19               [11]  300 	add	hl, de
      0001BB DD 75 F8         [19]  301 	ld	-8 (ix), l
      0001BE DD 74 F9         [19]  302 	ld	-7 (ix), h
      0001C1 DD 5E F6         [19]  303 	ld	e, -10 (ix)
      0001C4 DD 56 F7         [19]  304 	ld	d, -9 (ix)
      0001C7 21 00 00         [10]  305 	ld	hl, #0
      0001CA 39               [11]  306 	add	hl, sp
      0001CB 19               [11]  307 	add	hl, de
      0001CC 7E               [ 7]  308 	ld	a, (hl)
      0001CD 16 00            [ 7]  309 	ld	d, #0x00
      0001CF DD 86 F8         [19]  310 	add	a, -8 (ix)
      0001D2 5F               [ 4]  311 	ld	e, a
      0001D3 7A               [ 4]  312 	ld	a, d
      0001D4 DD 8E F9         [19]  313 	adc	a, -7 (ix)
      0001D7 57               [ 4]  314 	ld	d, a
                                    315 ;wolfram.c:77: nextcells[i] = rule[idx];
      0001D8 21 A0 00         [10]  316 	ld	hl, #160
      0001DB 39               [11]  317 	add	hl, sp
      0001DC 09               [11]  318 	add	hl, bc
      0001DD 4D               [ 4]  319 	ld	c, l
      0001DE 44               [ 4]  320 	ld	b, h
      0001DF 21 40 01         [10]  321 	ld	hl, #320
      0001E2 39               [11]  322 	add	hl, sp
      0001E3 19               [11]  323 	add	hl, de
      0001E4 7E               [ 7]  324 	ld	a, (hl)
      0001E5 02               [ 7]  325 	ld	(bc), a
                                    326 ;wolfram.c:65: for (i = 0; i < width; i++) {
      0001E6 DD 4E F4         [19]  327 	ld	c, -12 (ix)
      0001E9 DD 46 F5         [19]  328 	ld	b, -11 (ix)
      0001EC C3r5Cr01         [10]  329 	jp	00126$
      0001EF                        330 00114$:
                                    331 ;wolfram.c:80: memcpy(cells, nextcells, width);
      0001EF 21 00 00         [10]  332 	ld	hl, #0
      0001F2 39               [11]  333 	add	hl, sp
      0001F3 EB               [ 4]  334 	ex	de, hl
      0001F4 21 A0 00         [10]  335 	ld	hl, #160
      0001F7 39               [11]  336 	add	hl, sp
      0001F8 DD 4E FC         [19]  337 	ld	c, -4 (ix)
      0001FB DD 46 FD         [19]  338 	ld	b, -3 (ix)
      0001FE 78               [ 4]  339 	ld	a, b
      0001FF B1               [ 4]  340 	or	a, c
      000200 28 02            [12]  341 	jr	Z, 00237$
      000202 ED B0            [21]  342 	ldir
      000204                        343 00237$:
                                    344 ;wolfram.c:53: for (it = 0; it < height; it++) {
      000204 DD 34 FE         [23]  345 	inc	-2 (ix)
      000207 C2rFDr00         [10]  346 	jp	NZ,00129$
      00020A DD 34 FF         [23]  347 	inc	-1 (ix)
      00020D C3rFDr00         [10]  348 	jp	00129$
      000210                        349 00115$:
                                    350 ;wolfram.c:83: for (i = 0; i < width; i++)
      000210 01 00 00         [10]  351 	ld	bc, #0x0000
      000213                        352 00132$:
      000213 79               [ 4]  353 	ld	a, c
      000214 DD 96 FC         [19]  354 	sub	a, -4 (ix)
      000217 78               [ 4]  355 	ld	a, b
      000218 DD 9E FD         [19]  356 	sbc	a, -3 (ix)
      00021B E2r20r02         [10]  357 	jp	PO, 00239$
      00021E EE 80            [ 7]  358 	xor	a, #0x80
      000220                        359 00239$:
      000220 F2r2Er02         [10]  360 	jp	P, 00116$
                                    361 ;wolfram.c:84: putstr("=");
      000223 C5               [11]  362 	push	bc
      000224 21r42r02         [10]  363 	ld	hl, #___str_1
      000227 CDr00r00         [17]  364 	call	_putstr
      00022A C1               [10]  365 	pop	bc
                                    366 ;wolfram.c:83: for (i = 0; i < width; i++)
      00022B 03               [ 6]  367 	inc	bc
      00022C 18 E5            [12]  368 	jr	00132$
      00022E                        369 00116$:
                                    370 ;wolfram.c:86: putstr(".\r\n");
      00022E 21r4Dr02         [10]  371 	ld	hl, #___str_5
      000231 CDr00r00         [17]  372 	call	_putstr
                                    373 ;wolfram.c:88: return 0;
      000234 11 00 00         [10]  374 	ld	de, #0x0000
                                    375 ;wolfram.c:89: }
      000237 DD F9            [10]  376 	ld	sp, ix
      000239 DD E1            [14]  377 	pop	ix
      00023B E1               [10]  378 	pop	hl
      00023C F1               [10]  379 	pop	af
      00023D E9               [ 4]  380 	jp	(hl)
      00023E                        381 ___str_0:
      00023E 0D                     382 	.db 0x0d
      00023F 0A                     383 	.db 0x0a
      000240 2E                     384 	.ascii "."
      000241 00                     385 	.db 0x00
      000242                        386 ___str_1:
      000242 3D                     387 	.ascii "="
      000243 00                     388 	.db 0x00
      000244                        389 ___str_2:
      000244 2E                     390 	.ascii "."
      000245 0D                     391 	.db 0x0d
      000246 0A                     392 	.db 0x0a
      000247 2E                     393 	.ascii "."
      000248 00                     394 	.db 0x00
      000249                        395 ___str_3:
      000249 23                     396 	.ascii "#"
      00024A 00                     397 	.db 0x00
      00024B                        398 ___str_4:
      00024B 20                     399 	.ascii " "
      00024C 00                     400 	.db 0x00
      00024D                        401 ___str_5:
      00024D 2E                     402 	.ascii "."
      00024E 0D                     403 	.db 0x0d
      00024F 0A                     404 	.db 0x0a
      000250 00                     405 	.db 0x00
                                    406 ;wolfram.c:92: void main (void){
                                    407 ;	---------------------------------
                                    408 ; Function main
                                    409 ; ---------------------------------
      000251                        410 _main::
      000251 21 F0 FF         [10]  411 	ld	hl, #-16
      000254 39               [11]  412 	add	hl, sp
      000255 F9               [ 6]  413 	ld	sp, hl
                                    414 ;wolfram.c:96: putstr("\r\nWolfram Cell Automaton 1.0 by ARMCoder - 2025\r\n");
      000256 21r85r02         [10]  415 	ld	hl, #___str_6
      000259 CDr00r00         [17]  416 	call	_putstr
      00025C                        417 00102$:
                                    418 ;wolfram.c:100: putstr("\r\nEnter rule (0-255):");
      00025C 21rB7r02         [10]  419 	ld	hl, #___str_7
      00025F CDr00r00         [17]  420 	call	_putstr
                                    421 ;wolfram.c:101: lgets(buf, sizeof(buf));
      000262 11 10 00         [10]  422 	ld	de, #0x0010
      000265 21 00 00         [10]  423 	ld	hl, #0
      000268 39               [11]  424 	add	hl, sp
      000269 CDr00r00         [17]  425 	call	_lgets
                                    426 ;wolfram.c:102: int rule = atoi(buf);
      00026C 21 00 00         [10]  427 	ld	hl, #0
      00026F 39               [11]  428 	add	hl, sp
      000270 CDr00r00         [17]  429 	call	_atoi
                                    430 ;wolfram.c:104: wolfram(50, 20, rule);
      000273 D5               [11]  431 	push	de
      000274 11 14 00         [10]  432 	ld	de, #0x0014
      000277 21 32 00         [10]  433 	ld	hl, #0x0032
      00027A CDr00r00         [17]  434 	call	_wolfram
      00027D 18 DD            [12]  435 	jr	00102$
                                    436 ;wolfram.c:106: }
      00027F 21 10 00         [10]  437 	ld	hl, #16
      000282 39               [11]  438 	add	hl, sp
      000283 F9               [ 6]  439 	ld	sp, hl
      000284 C9               [10]  440 	ret
      000285                        441 ___str_6:
      000285 0D                     442 	.db 0x0d
      000286 0A                     443 	.db 0x0a
      000287 57 6F 6C 66 72 61 6D   444 	.ascii "Wolfram Cell Automaton 1.0 by ARMCoder - 2025"
             20 43 65 6C 6C 20 41
             75 74 6F 6D 61 74 6F
             6E 20 31 2E 30 20 62
             79 20 41 52 4D 43 6F
             64 65 72 20 2D 20 32
             30 32 35
      0002B4 0D                     445 	.db 0x0d
      0002B5 0A                     446 	.db 0x0a
      0002B6 00                     447 	.db 0x00
      0002B7                        448 ___str_7:
      0002B7 0D                     449 	.db 0x0d
      0002B8 0A                     450 	.db 0x0a
      0002B9 45 6E 74 65 72 20 72   451 	.ascii "Enter rule (0-255):"
             75 6C 65 20 28 30 2D
             32 35 35 29 3A
      0002CC 00                     452 	.db 0x00
                                    453 	.area _CODE
                                    454 	.area _INITIALIZER
                                    455 	.area _CABS (ABS)
